<?xml version="1.0" encoding="UTF-8"?>
<testng-results ignored="0" total="6" passed="6" failed="0" skipped="0">
  <reporter-output>
  </reporter-output>
  <suite started-at="2023-10-18T14:30:15 PST" name="Default suite" finished-at="2023-10-18T14:30:21 PST" duration-ms="6380">
    <groups>
      <group name="cucumber">
        <method signature="AbstractTestNGCucumberTests.runScenario(io.cucumber.testng.PickleWrapper,io.cucumber.testng.FeatureWrapper)[pri:0, instance:testRunner.TestNGTestRunner@2657d4dd]" name="runScenario" class="io.cucumber.testng.AbstractTestNGCucumberTests"/>
      </group> <!-- cucumber -->
    </groups>
    <test started-at="2023-10-18T14:30:15 PST" name="Default test" finished-at="2023-10-18T14:30:21 PST" duration-ms="6380">
      <class name="testRunner.TestNGTestRunner">
        <test-method is-config="true" signature="setUpClass(org.testng.ITestContext)[pri:0, instance:testRunner.TestNGTestRunner@2657d4dd]" started-at="2023-10-18T14:30:15 PST" name="setUpClass" finished-at="2023-10-18T14:30:16 PST" duration-ms="548" status="PASS">
          <params>
            <param index="0">
              <value>
                <![CDATA[org.testng.TestRunner@5fd43e58]]>
              </value>
            </param>
          </params>
          <reporter-output>
          </reporter-output>
        </test-method> <!-- setUpClass -->
        <test-method signature="runScenario(io.cucumber.testng.PickleWrapper,io.cucumber.testng.FeatureWrapper)[pri:0, instance:testRunner.TestNGTestRunner@2657d4dd]" started-at="2023-10-18T14:30:16 PST" name="runScenario" description="Runs Cucumber Scenarios" data-provider="scenarios" finished-at="2023-10-18T14:30:20 PST" duration-ms="4823" status="PASS">
          <params>
            <param index="0">
              <value>
                <![CDATA["Login into the application with valid credentials"]]>
              </value>
            </param>
            <param index="1">
              <value>
                <![CDATA["Login"]]>
              </value>
            </param>
          </params>
          <reporter-output>
          </reporter-output>
        </test-method> <!-- runScenario -->
        <test-method signature="runScenario(io.cucumber.testng.PickleWrapper,io.cucumber.testng.FeatureWrapper)[pri:0, instance:testRunner.TestNGTestRunner@2657d4dd]" started-at="2023-10-18T14:30:20 PST" name="runScenario" description="Runs Cucumber Scenarios" data-provider="scenarios" finished-at="2023-10-18T14:30:21 PST" duration-ms="133" status="PASS">
          <params>
            <param index="0">
              <value>
                <![CDATA["Add to Cart Item/s"]]>
              </value>
            </param>
            <param index="1">
              <value>
                <![CDATA["Products"]]>
              </value>
            </param>
          </params>
          <reporter-output>
          </reporter-output>
        </test-method> <!-- runScenario -->
        <test-method signature="runScenario(io.cucumber.testng.PickleWrapper,io.cucumber.testng.FeatureWrapper)[pri:0, instance:testRunner.TestNGTestRunner@2657d4dd]" started-at="2023-10-18T14:30:21 PST" name="runScenario" description="Runs Cucumber Scenarios" data-provider="scenarios" finished-at="2023-10-18T14:30:21 PST" duration-ms="132" status="PASS">
          <params>
            <param index="0">
              <value>
                <![CDATA["Add to Cart Item/s"]]>
              </value>
            </param>
            <param index="1">
              <value>
                <![CDATA["Products"]]>
              </value>
            </param>
          </params>
          <reporter-output>
          </reporter-output>
        </test-method> <!-- runScenario -->
        <test-method signature="runScenario(io.cucumber.testng.PickleWrapper,io.cucumber.testng.FeatureWrapper)[pri:0, instance:testRunner.TestNGTestRunner@2657d4dd]" started-at="2023-10-18T14:30:21 PST" name="runScenario" description="Runs Cucumber Scenarios" data-provider="scenarios" finished-at="2023-10-18T14:30:21 PST" duration-ms="170" status="PASS">
          <params>
            <param index="0">
              <value>
                <![CDATA["Check out items in the shopping cart"]]>
              </value>
            </param>
            <param index="1">
              <value>
                <![CDATA["Shopping Cart"]]>
              </value>
            </param>
          </params>
          <reporter-output>
          </reporter-output>
        </test-method> <!-- runScenario -->
        <test-method signature="runScenario(io.cucumber.testng.PickleWrapper,io.cucumber.testng.FeatureWrapper)[pri:0, instance:testRunner.TestNGTestRunner@2657d4dd]" started-at="2023-10-18T14:30:21 PST" name="runScenario" description="Runs Cucumber Scenarios" data-provider="scenarios" finished-at="2023-10-18T14:30:21 PST" duration-ms="298" status="PASS">
          <params>
            <param index="0">
              <value>
                <![CDATA["Populate all fields in Checkout Information"]]>
              </value>
            </param>
            <param index="1">
              <value>
                <![CDATA["Checkout"]]>
              </value>
            </param>
          </params>
          <reporter-output>
          </reporter-output>
        </test-method> <!-- runScenario -->
        <test-method signature="runScenario(io.cucumber.testng.PickleWrapper,io.cucumber.testng.FeatureWrapper)[pri:0, instance:testRunner.TestNGTestRunner@2657d4dd]" started-at="2023-10-18T14:30:21 PST" name="runScenario" description="Runs Cucumber Scenarios" data-provider="scenarios" finished-at="2023-10-18T14:30:21 PST" duration-ms="150" status="PASS">
          <params>
            <param index="0">
              <value>
                <![CDATA["Checkout items"]]>
              </value>
            </param>
            <param index="1">
              <value>
                <![CDATA["Checkout"]]>
              </value>
            </param>
          </params>
          <reporter-output>
          </reporter-output>
        </test-method> <!-- runScenario -->
        <test-method is-config="true" signature="tearDownClass()[pri:0, instance:testRunner.TestNGTestRunner@2657d4dd]" started-at="2023-10-18T14:30:21 PST" name="tearDownClass" finished-at="2023-10-18T14:30:21 PST" duration-ms="75" status="PASS">
          <reporter-output>
          </reporter-output>
        </test-method> <!-- tearDownClass -->
      </class> <!-- testRunner.TestNGTestRunner -->
    </test> <!-- Default test -->
  </suite> <!-- Default suite -->
</testng-results>
